<?xml version="1.0" encoding="UTF-8"?>
<testng-results skipped="0" failed="0" ignored="7" total="8" passed="1">
  <reporter-output>
  </reporter-output>
  <suite name="Default suite" duration-ms="25872" started-at="2022-04-18T14:39:00 IST" finished-at="2022-04-18T14:39:26 IST">
    <groups>
    </groups>
    <test name="Default test" duration-ms="25872" started-at="2022-04-18T14:39:00 IST" finished-at="2022-04-18T14:39:26 IST">
      <class name="WebDriver.SimpleCommands">
        <test-method status="PASS" signature="BT()[pri:0, instance:WebDriver.SimpleCommands@12f41634]" name="BT" is-config="true" duration-ms="2260" started-at="2022-04-18T14:39:00 IST" finished-at="2022-04-18T14:39:02 IST">
          <reporter-output>
          </reporter-output>
        </test-method> <!-- BT -->
        <test-method status="PASS" signature="testcase8()[pri:7, instance:WebDriver.SimpleCommands@12f41634]" name="testcase8" duration-ms="23556" started-at="2022-04-18T14:39:02 IST" finished-at="2022-04-18T14:39:25 IST">
          <reporter-output>
          </reporter-output>
        </test-method> <!-- testcase8 -->
      </class> <!-- WebDriver.SimpleCommands -->
    </test> <!-- Default test -->
  </suite> <!-- Default suite -->
</testng-results>
