<?xml version="1.0" encoding="UTF-8"?>
<testng-results skipped="0" failed="0" ignored="0" total="1" passed="1">
  <reporter-output>
  </reporter-output>
  <suite name="Default suite" duration-ms="87547" started-at="2022-04-26T11:39:49 IST" finished-at="2022-04-26T11:41:16 IST">
    <groups>
    </groups>
    <test name="Default test" duration-ms="87547" started-at="2022-04-26T11:39:49 IST" finished-at="2022-04-26T11:41:16 IST">
      <class name="practise.AppiumFramework.TC_01">
        <test-method status="PASS" signature="killAllProcess()[pri:0, instance:practise.AppiumFramework.TC_01@5123a213]" name="killAllProcess" is-config="true" duration-ms="5023" started-at="2022-04-26T11:39:49 IST" finished-at="2022-04-26T11:39:54 IST">
          <reporter-output>
          </reporter-output>
        </test-method> <!-- killAllProcess -->
        <test-method status="PASS" signature="tc1()[pri:0, instance:practise.AppiumFramework.TC_01@5123a213]" name="tc1" duration-ms="82403" started-at="2022-04-26T11:39:54 IST" finished-at="2022-04-26T11:41:16 IST">
          <reporter-output>
          </reporter-output>
        </test-method> <!-- tc1 -->
      </class> <!-- practise.AppiumFramework.TC_01 -->
    </test> <!-- Default test -->
  </suite> <!-- Default suite -->
</testng-results>
