<?xml version="1.0" encoding="UTF-8"?>
<testng-results skipped="0" failed="0" ignored="0" total="1" passed="1">
  <reporter-output>
  </reporter-output>
  <suite name="Default suite" duration-ms="42097" started-at="2022-04-13T16:12:27 IST" finished-at="2022-04-13T16:13:09 IST">
    <groups>
    </groups>
    <test name="Default test" duration-ms="42097" started-at="2022-04-13T16:12:27 IST" finished-at="2022-04-13T16:13:09 IST">
      <class name="WebApp.Demo1">
        <test-method status="PASS" signature="BT()[pri:0, instance:WebApp.Demo1@43bd930a]" name="BT" is-config="true" duration-ms="20828" started-at="2022-04-13T16:12:27 IST" finished-at="2022-04-13T16:12:48 IST">
          <reporter-output>
          </reporter-output>
        </test-method> <!-- BT -->
        <test-method status="PASS" signature="testcase1()[pri:0, instance:WebApp.Demo1@43bd930a]" name="testcase1" duration-ms="21213" started-at="2022-04-13T16:12:48 IST" finished-at="2022-04-13T16:13:09 IST">
          <reporter-output>
          </reporter-output>
        </test-method> <!-- testcase1 -->
      </class> <!-- WebApp.Demo1 -->
    </test> <!-- Default test -->
  </suite> <!-- Default suite -->
</testng-results>
