<?xml version="1.0" encoding="UTF-8"?>
<testng-results skipped="0" failed="0" ignored="0" total="1" passed="1">
  <reporter-output>
  </reporter-output>
  <suite name="Default suite" duration-ms="9504" started-at="2022-04-08T12:22:23 IST" finished-at="2022-04-08T12:22:32 IST">
    <groups>
      <group name="cucumber">
        <method signature="AbstractTestNGCucumberTests.runScenario(io.cucumber.testng.PickleWrapper, io.cucumber.testng.FeatureWrapper)[pri:0, instance:TestRun.Run@3cb1ffe6]" name="runScenario" class="io.cucumber.testng.AbstractTestNGCucumberTests"/>
      </group> <!-- cucumber -->
    </groups>
    <test name="Default test" duration-ms="9504" started-at="2022-04-08T12:22:23 IST" finished-at="2022-04-08T12:22:32 IST">
      <class name="TestRun.Run">
        <test-method status="PASS" signature="setUpClass(org.testng.ITestContext)[pri:0, instance:TestRun.Run@3cb1ffe6]" name="setUpClass" is-config="true" duration-ms="341" started-at="2022-04-08T12:22:23 IST" finished-at="2022-04-08T12:22:23 IST">
          <params>
            <param index="0">
              <value>
                <![CDATA[org.testng.TestRunner@3be8821f]]>
              </value>
            </param>
          </params>
          <reporter-output>
          </reporter-output>
        </test-method> <!-- setUpClass -->
        <test-method status="PASS" signature="runScenario(io.cucumber.testng.PickleWrapper, io.cucumber.testng.FeatureWrapper)[pri:0, instance:TestRun.Run@3cb1ffe6]" name="runScenario" duration-ms="9091" started-at="2022-04-08T12:22:23 IST" description="Runs Cucumber Scenarios" data-provider="scenarios" finished-at="2022-04-08T12:22:32 IST">
          <params>
            <param index="0">
              <value>
                <![CDATA["Test Login Functionality"]]>
              </value>
            </param>
            <param index="1">
              <value>
                <![CDATA["Optional[Test OrangeHRM]"]]>
              </value>
            </param>
          </params>
          <reporter-output>
          </reporter-output>
        </test-method> <!-- runScenario -->
        <test-method status="PASS" signature="tearDownClass()[pri:0, instance:TestRun.Run@3cb1ffe6]" name="tearDownClass" is-config="true" duration-ms="15" started-at="2022-04-08T12:22:32 IST" finished-at="2022-04-08T12:22:32 IST">
          <reporter-output>
          </reporter-output>
        </test-method> <!-- tearDownClass -->
      </class> <!-- TestRun.Run -->
    </test> <!-- Default test -->
  </suite> <!-- Default suite -->
</testng-results>
