<?xml version="1.0" encoding="UTF-8"?>
<testng-results skipped="0" failed="0" ignored="0" total="2" passed="2">
  <reporter-output>
  </reporter-output>
  <suite name="Default suite" duration-ms="18464" started-at="2022-03-20T21:52:27 IST" finished-at="2022-03-20T21:52:45 IST">
    <groups>
    </groups>
    <test name="Default test" duration-ms="18464" started-at="2022-03-20T21:52:27 IST" finished-at="2022-03-20T21:52:45 IST">
      <class name="RestTesting.Ecommerce">
        <test-method status="PASS" signature="signup()[pri:0, instance:RestTesting.Ecommerce@480bdb19]" name="signup" duration-ms="13599" started-at="2022-03-20T21:52:27 IST" finished-at="2022-03-20T21:52:40 IST">
          <reporter-output>
          </reporter-output>
        </test-method> <!-- signup -->
        <test-method status="PASS" signature="Login()[pri:1, instance:RestTesting.Ecommerce@480bdb19]" name="Login" duration-ms="4787" started-at="2022-03-20T21:52:41 IST" finished-at="2022-03-20T21:52:45 IST">
          <reporter-output>
          </reporter-output>
        </test-method> <!-- Login -->
      </class> <!-- RestTesting.Ecommerce -->
    </test> <!-- Default test -->
  </suite> <!-- Default suite -->
</testng-results>
