<?xml version="1.0" encoding="UTF-8"?>
<!-- Generated by org.testng.reporters.JUnitXMLReporter -->
<testsuite ignored="0" hostname="DESKTOP-T6TE4H0" failures="0" tests="5" name="Test" time="20.54" errors="0" timestamp="2022-03-16T16:06:30 IST">
  <testcase classname="RestTesting.Ecommerce" name="signup" time="12.129"/>
  <testcase classname="RestTesting.Ecommerce" name="Login" time="4.028"/>
  <testcase classname="RestTesting.trello" name="createBoard" time="1.483"/>
  <testcase classname="RestTesting.trello" name="getBoard" time="0.907"/>
  <testcase classname="RestTesting.trello" name="DeleteBoard" time="1.915"/>
</testsuite> <!-- Test -->
