<?xml version="1.0" encoding="UTF-8"?>
<!-- Generated by org.testng.reporters.JUnitXMLReporter -->
<testsuite hostname="Work" ignored="7" name="Default test" tests="1" failures="0" timestamp="2022-04-18T14:39:26 IST" time="25.872" errors="0">
  <testcase name="testcase8" time="23.556" classname="WebDriver.SimpleCommands"/>
  <testcase name="testcase5" time="0.0" classname="WebDriver.SimpleCommands">
    <ignored/>
  </testcase> <!-- testcase5 -->
  <testcase name="testcase4" time="0.0" classname="WebDriver.SimpleCommands">
    <ignored/>
  </testcase> <!-- testcase4 -->
  <testcase name="testcase3" time="0.0" classname="WebDriver.SimpleCommands">
    <ignored/>
  </testcase> <!-- testcase3 -->
  <testcase name="testcase2" time="0.0" classname="WebDriver.SimpleCommands">
    <ignored/>
  </testcase> <!-- testcase2 -->
  <testcase name="testcase7" time="0.0" classname="WebDriver.SimpleCommands">
    <ignored/>
  </testcase> <!-- testcase7 -->
  <testcase name="testcase6" time="0.0" classname="WebDriver.SimpleCommands">
    <ignored/>
  </testcase> <!-- testcase6 -->
  <testcase name="testcase1" time="0.0" classname="WebDriver.SimpleCommands">
    <ignored/>
  </testcase> <!-- testcase1 -->
</testsuite> <!-- Default test -->
