<?xml version="1.0" encoding="UTF-8"?>
<!-- Generated by org.testng.reporters.JUnitXMLReporter -->
<testsuite hostname="Work" ignored="0" name="Test" tests="1" failures="1" timestamp="2022-04-06T12:06:56 IST" time="0.09" errors="0">
  <testcase name="testcase1" time="0.019" classname="DataDriven.jxl">
    <failure type="java.io.FileNotFoundException" message="D:\MOOLYA\SELENIUM\DDT.xlsx (The system cannot find the file specified)">
      <![CDATA[java.io.FileNotFoundException: D:\MOOLYA\SELENIUM\DDT.xlsx (The system cannot find the file specified)
at java.io.FileInputStream.open0(Native Method)
at java.io.FileInputStream.open(FileInputStream.java:195)
at java.io.FileInputStream.<init>(FileInputStream.java:138)
at jxl.Workbook.getWorkbook(Workbook.java:213)
at jxl.Workbook.getWorkbook(Workbook.java:198)
at DataDriven.jxl.testcase1(jxl.java:20)
at java.util.ArrayList.forEach(ArrayList.java:1259)
... Removed 27 stack frames]]>
    </failure>
  </testcase> <!-- testcase1 -->
</testsuite> <!-- Test -->
